<?xml version="1.0" encoding="UTF-8" ?>
<testsuite failures="0" time="8.536" errors="0" skipped="1" tests="44" name="com.bfds.saec.domain.PaymentTest">
  <properties>
[...]
</properties>
  <testcase time="0" classname="com.bfds.saec.domain.PaymentTest" name="verifyToString"/>
  <testcase time="0.382" classname="com.bfds.saec.domain.PaymentTest" name="findByMailingControlNo"/>
  <testcase time="0.241" classname="com.bfds.saec.domain.PaymentTest" name="doStopLift"/>
  <testcase time="0.109" classname="com.bfds.saec.domain.PaymentTest" name="assignCheckToClaimant"/>
  <testcase time="0.16" classname="com.bfds.saec.domain.PaymentTest" name="saveClaimantWithCheck"/>
  <testcase time="0.072" classname="com.bfds.saec.domain.PaymentTest" name="checkShouldCloneItsAddress"/>
  <testcase time="0.134" classname="com.bfds.saec.domain.PaymentTest" name="checkShouldCopyRegistrationFromItsPayt"/>
  <testcase time="0.134" classname="com.bfds.saec.domain.PaymentTest" name="theCheckMustCheangeItsAddressType">
    <skipped/>
  </testcase>
  <testcase time="0.064" classname="com.bfds.saec.domain.PaymentTest" name="cashedCheckCannotBeVoided"/>
  <testcase time="0.064" classname="com.bfds.saec.domain.PaymentTest" name="voidedCheckCannotBeVoided"/>
  <testcase time="0.064" classname="com.bfds.saec.domain.PaymentTest" name="stoppedCheckCannotBeVoided"/>
  <testcase time="0.065" classname="com.bfds.saec.domain.PaymentTest" name="outstandingCheckCanBeVoided"/>
  <testcase time="0.156" classname="com.bfds.saec.domain.PaymentTest" name="doPartialReturnOfFunding"/>
  <testcase time="0.153" classname="com.bfds.saec.domain.PaymentTest" name="doFullReturnOfFunding"/>
  <testcase time="0.193" classname="com.bfds.saec.domain.PaymentTest" name="addReturnOfInterestFunding"/>
  <testcase time="0.216" classname="com.bfds.saec.domain.PaymentTest" name="voidCheck"/>
  <testcase time="0.158" classname="com.bfds.saec.domain.PaymentTest" name="staleDatedCheckCannotBeVoided"/>
  <testcase time="0.225" classname="com.bfds.saec.domain.PaymentTest" name="reissueCheck"/>
  <testcase time="0.065" classname="com.bfds.saec.domain.PaymentTest" name="reverseVoid"/>
  <testcase time="0.067" classname="com.bfds.saec.domain.PaymentTest" name="reverseStop"/>
  <testcase time="0.068" classname="com.bfds.saec.domain.PaymentTest" name="reverseStopCannotBeDoneIfCheckSentOnStopFile"/>
  <testcase time="0.404" classname="com.bfds.saec.domain.PaymentTest" name="getNewCheckForReissue"/>
  <testcase time="0.336" classname="com.bfds.saec.domain.PaymentTest" name="cannotGetNewCheckForReissueIfStatusInvalid"/>
  <testcase time="0.367" classname="com.bfds.saec.domain.PaymentTest" name="cannotGetNewCheckForReissueIfPaymentNotCheck"/>
  <testcase time="0.234" classname="com.bfds.saec.domain.PaymentTest" name="canChangeToWire"/>
  <testcase time="0.234" classname="com.bfds.saec.domain.PaymentTest" name="canSplit"/>
  <testcase time="0.234" classname="com.bfds.saec.domain.PaymentTest" name="canSplitRof"/>
  <testcase time="0.234" classname="com.bfds.saec.domain.PaymentTest" name="cannotSplitRofInterest"/>
  <testcase time="0.234" classname="com.bfds.saec.domain.PaymentTest" name="canDoReturnOfFunding"/>
  <testcase time="0.234" classname="com.bfds.saec.domain.PaymentTest" name="isWireApproved"/>
  <testcase time="0.249" classname="com.bfds.saec.domain.PaymentTest" name="isWireRejected"/>
  <testcase time="0.234" classname="com.bfds.saec.domain.PaymentTest" name="canUpdateWireInfo"/>
  <testcase time="0.328" classname="com.bfds.saec.domain.PaymentTest" name="getPayToAsText"/>
  <testcase time="0.296" classname="com.bfds.saec.domain.PaymentTest" name="stopToWire"/>
  <testcase time="0.25" classname="com.bfds.saec.domain.PaymentTest" name="createdToWire"/>
  <testcase time="0.296" classname="com.bfds.saec.domain.PaymentTest" name="voidToWire"/>
  <testcase time="0.297" classname="com.bfds.saec.domain.PaymentTest" name="checkToWireCoppiedProperties"/>
  <testcase time="0.343" classname="com.bfds.saec.domain.PaymentTest" name="countPaymentsForAddressResaerchOfClaimant"/>
  <testcase time="0.281" classname="com.bfds.saec.domain.PaymentTest" name="verifyStopTypes"/>
  <testcase time="0.377" classname="com.bfds.saec.domain.PaymentTest" name="verifyVoidTypes"/>
  <testcase time="0.065" classname="com.bfds.saec.domain.PaymentTest" name="testPaymentInitialState"/>
  <testcase time="0.218" classname="com.bfds.saec.domain.PaymentTest" name="testOutstandToCashedStateChange"/>
  <testcase time="0.064" classname="com.bfds.saec.domain.PaymentTest" name="testFileFlagsOnPaymentCodeChange"/>
  <testcase time="0.065" classname="com.bfds.saec.domain.PaymentTest" name="testSentOnBankIssueVoidFileFlagReset"/>
</testsuite>