<?xml version="1.0" encoding="UTF-8" ?>
<testsuite failures="0" time="0.948" errors="0" skipped="0" tests="6" name="com.bfds.saec.batch.in.ncoa.NcoaAddressResearchInTest">
  <properties>
[...]
</properties>
  <testcase time="0.25" classname="com.bfds.saec.batch.in.ncoa.NcoaAddressResearchInTest" name="verifyaddressResearchSentFlag"/>
  <testcase time="0.078" classname="com.bfds.saec.batch.in.ncoa.NcoaAddressResearchInTest" name="verifyActivityDescription"/>
  <testcase time="0.078" classname="com.bfds.saec.batch.in.ncoa.NcoaAddressResearchInTest" name="verifyClaimantAddressChange"/>
  <testcase time="0" classname="com.bfds.saec.batch.in.ncoa.NcoaAddressResearchInTest" name="thefileRecordMustbeMArkedAsProcessed"/>
  <testcase time="0.109" classname="com.bfds.saec.batch.in.ncoa.NcoaAddressResearchInTest" name="addresscanNotbeUpdtedIfNOMacth"/>
  <testcase time="0.047" classname="com.bfds.saec.batch.in.ncoa.NcoaAddressResearchInTest" name="verifyActivityDescriptionIfNoAddressMatch"/>
</testsuite>